Unity Editor version:    2020.3.17f1 (a4537701e4ab)
Branch:                  2020.3/staging
Build type:              Release
Batch mode:              YES
macOS version:           Version 11.2 (Build 20D64)
Darwin version:          20.3.0
Architecture:            x86_64
Running under Rosetta:   NO
Available memory:        8192 MB
Using pre-set license
Pro License: NO

COMMAND LINE ARGUMENTS:
/Applications/Unity/Hub/Editor/2020.3.17f1/Unity.app/Contents/MacOS/Unity
-adb2
-batchMode
-noUpm
-name
AssetImportWorker1
-projectPath
/Users/ishakanu/Documents/GitHub/AR-for-CPR/KanuPutmanFinal
-logFile
Logs/AssetImportWorker1.log
-srvPort
59532
Successfully changed project path to: /Users/ishakanu/Documents/GitHub/AR-for-CPR/KanuPutmanFinal
/Users/ishakanu/Documents/GitHub/AR-for-CPR/KanuPutmanFinal
Using Asset Import Pipeline V2.
Refreshing native plugins compatible for Editor in 186.52 ms, found 2 plugins.
Preloading 0 native plugins for Editor in 0.00 ms.
Initialize engine version: 2020.3.17f1 (a4537701e4ab)
[Subsystems] Discovering subsystems at path /Applications/Unity/Hub/Editor/2020.3.17f1/Unity.app/Contents/Resources/UnitySubsystems
[Subsystems] Discovering subsystems at path /Users/ishakanu/Documents/GitHub/AR-for-CPR/KanuPutmanFinal/Assets
GfxDevice: creating device client; threaded=0
2021-12-03 14:10:22.651 Unity[27734:962856] Color LCD preferred device: Intel(R) Iris(TM) Graphics 6000 (low power)
2021-12-03 14:10:22.651 Unity[27734:962856] Metal devices available: 1
2021-12-03 14:10:22.651 Unity[27734:962856] 0: Intel(R) Iris(TM) Graphics 6000 (low power)
2021-12-03 14:10:22.651 Unity[27734:962856] Using device Intel(R) Iris(TM) Graphics 6000 (low power)
Initializing Metal device caps: Intel(R) Iris(TM) Graphics 6000
Initialize mono
Mono path[0] = '/Applications/Unity/Hub/Editor/2020.3.17f1/Unity.app/Contents/Managed'
Mono path[1] = '/Applications/Unity/Hub/Editor/2020.3.17f1/Unity.app/Contents/MonoBleedingEdge/lib/mono/unityjit'
Mono config path = '/Applications/Unity/Hub/Editor/2020.3.17f1/Unity.app/Contents/MonoBleedingEdge/etc'
Using monoOptions --debugger-agent=transport=dt_socket,embedding=1,server=y,suspend=n,address=127.0.0.1:56734
Begin MonoManager ReloadAssembly
Registering precompiled unity dll's ...
Register platform support module: /Applications/Unity/Hub/Editor/2020.3.17f1/Unity.app/Contents/PlaybackEngines/MacStandaloneSupport/UnityEditor.OSXStandalone.Extensions.dll
Register platform support module: /Applications/Unity/Hub/Editor/2020.3.17f1/PlaybackEngines/WindowsStandaloneSupport/UnityEditor.WindowsStandalone.Extensions.dll
Registered in 0.001756 seconds.
Native extension for WindowsStandalone target not found
Native extension for OSXStandalone target not found
Refreshing native plugins compatible for Editor in 91.51 ms, found 2 plugins.
Preloading 0 native plugins for Editor in 0.00 ms.
Mono: successfully reloaded assembly
- Completed reload, in  4.130 seconds
Domain Reload Profiling:
	ReloadAssembly (4130ms)
		BeginReloadAssembly (94ms)
			ExecutionOrderSort (0ms)
			DisableScriptedObjects (0ms)
			BackupInstance (0ms)
			ReleaseScriptingObjects (0ms)
			CreateAndSetChildDomain (2ms)
		EndReloadAssembly (892ms)
			LoadAssemblies (94ms)
			RebuildTransferFunctionScriptingTraits (0ms)
			SetupTypeCache (301ms)
			ReleaseScriptCaches (0ms)
			RebuildScriptCaches (63ms)
			SetupLoadedEditorAssemblies (442ms)
				LogAssemblyErrors (0ms)
				InitializePlatformSupportModulesInManaged (7ms)
				SetLoadedEditorAssemblies (0ms)
				RefreshPlugins (92ms)
				BeforeProcessingInitializeOnLoad (55ms)
				ProcessInitializeOnLoadAttributes (227ms)
				ProcessInitializeOnLoadMethodAttributes (61ms)
				AfterProcessingInitializeOnLoad (0ms)
				EditorAssembliesLoaded (0ms)
			ExecutionOrderSort2 (0ms)
			AwakeInstancesAfterBackupRestoration (0ms)
Platform modules already initialized, skipping
Registering precompiled user dll's ...
Registered in 0.025894 seconds.
Begin MonoManager ReloadAssembly
Native extension for WindowsStandalone target not found
Native extension for OSXStandalone target not found
Refreshing native plugins compatible for Editor in 173.10 ms, found 2 plugins.
Preloading 0 native plugins for Editor in 0.00 ms.
Mono: successfully reloaded assembly
- Completed reload, in  9.455 seconds
Domain Reload Profiling:
	ReloadAssembly (9460ms)
		BeginReloadAssembly (372ms)
			ExecutionOrderSort (0ms)
			DisableScriptedObjects (8ms)
			BackupInstance (0ms)
			ReleaseScriptingObjects (0ms)
			CreateAndSetChildDomain (80ms)
		EndReloadAssembly (8905ms)
			LoadAssemblies (437ms)
			RebuildTransferFunctionScriptingTraits (0ms)
			SetupTypeCache (792ms)
			ReleaseScriptCaches (1ms)
			RebuildScriptCaches (222ms)
			SetupLoadedEditorAssemblies (7159ms)
				LogAssemblyErrors (0ms)
				InitializePlatformSupportModulesInManaged (10ms)
				SetLoadedEditorAssemblies (1ms)
				RefreshPlugins (173ms)
				BeforeProcessingInitializeOnLoad (223ms)
				ProcessInitializeOnLoadAttributes (2412ms)
				ProcessInitializeOnLoadMethodAttributes (4337ms)
				AfterProcessingInitializeOnLoad (2ms)
				EditorAssembliesLoaded (0ms)
			ExecutionOrderSort2 (0ms)
			AwakeInstancesAfterBackupRestoration (11ms)
Platform modules already initialized, skipping
Validating Project structure ... 0.120971 seconds.
Shader import version has changed; will reimport all shaders...
Upgrading shader files ...0.676757 seconds.
Application.AssetDatabase Initial Script Refresh Start
RefreshInfo: InitialScriptRefreshV2(NoUpdateAssetOptions) scanfilter:  ... 1 filters
RefreshProfiler: Total: 0.000ms
Application.AssetDatabase Initial Script Refresh End
Application.AssetDatabase.Refresh Start
Application.AssetDatabase.Refresh End
RefreshInfo: StopAssetImportingV2(ForceSynchronousImport) scanfilter: 
RefreshProfiler: Total: 0.000ms
Launching external process: /Applications/Unity/Hub/Editor/2020.3.17f1/Unity.app/Contents/Tools/UnityShaderCompiler
Launched and connected shader compiler UnityShaderCompiler after 0.04 seconds
Initializing Unity extensions:
========================================================================
Worker process is ready to serve import requests
Refreshing native plugins compatible for Editor in 1.04 ms, found 2 plugins.
Preloading 0 native plugins for Editor in 0.00 ms.
Unloading 3384 Unused Serialized files (Serialized files now loaded: 0)
System memory in use before: 283.2 MB.
System memory in use after: 280.7 MB.

Unloading 2591 unused Assets to reduce memory usage. Loaded Objects now: 3514.
Total: 15.277615 ms (FindLiveObjects: 2.712471 ms CreateObjectMapping: 0.456003 ms MarkObjects: 5.554371 ms  DeleteObjects: 6.552933 ms)

AssetImportParameters requested are different than current active one (requested -> active):
  custom:video-decoder-ogg-theora: a1e56fd34408186e4bbccfd4996cb3dc -> 
  custom:container-muxer-webm: aa71ff27fc2769a1b78a27578f13a17b -> 
  custom:container-demuxer-webm: 4f35f7cbe854078d1ac9338744f61a02 -> 
  custom:container-demuxer-ogg: 62fdf1f143b41e24485cea50d1cbac27 -> 
  custom:video-encoder-webm-vp8: eb34c28f22e8b96e1ab97ce403110664 -> 
  custom:framework-osx-AVFoundation: e770b220cccbd017edd2c1fefb359320 -> 
  custom:video-decoder-webm-vp8: 9c59270c3fd7afecdb556c50c9e8de78 -> 
  custom:audio-decoder-ogg-vorbis: bf7c407c2cedff20999df2af8eb42d56 -> 
  custom:audio-encoder-webm-vorbis: bf7c407c2cedff20999df2af8eb42d56 -> 
========================================================================
Received Import Request.
  path: Assets/TextMesh Pro/Sprites/EmojiOne.png
  artifactKey: Guid(dffef66376be4fa480fb02b19edbe903) Importer(815301076,1909f56bfc062723c751e8b465ee728b)
Start importing Assets/TextMesh Pro/Sprites/EmojiOne.png using Guid(dffef66376be4fa480fb02b19edbe903) Importer(815301076,1909f56bfc062723c751e8b465ee728b)  -> (artifact id: 'd78a27303d38c5bc73b55289faa0930d') in 2.619451 seconds 
  Import took 2.637889 seconds .

========================================================================
Received Import Request.
  Time since last request: 0.006307 seconds.
  path: Assets/TextMesh Pro/Resources/TMP Settings.asset
  artifactKey: Guid(3f5b5dff67a942289a9defa416b206f3) Importer(815301076,1909f56bfc062723c751e8b465ee728b)
Start importing Assets/TextMesh Pro/Resources/TMP Settings.asset using Guid(3f5b5dff67a942289a9defa416b206f3) Importer(815301076,1909f56bfc062723c751e8b465ee728b)  -> (artifact id: '80217e6c75f9d2e4957cbc8093faaf48') in 2.199972 seconds 
  Import took 2.210753 seconds .

========================================================================
Received Prepare
Registering precompiled user dll's ...
Registered in 0.040699 seconds.
Begin MonoManager ReloadAssembly
Native extension for WindowsStandalone target not found
Native extension for OSXStandalone target not found
Refreshing native plugins compatible for Editor in 1.05 ms, found 2 plugins.
Preloading 0 native plugins for Editor in 0.00 ms.
Error when attempting to update scene info fields. Scene info data may be stale.
UnityEngine.StackTraceUtility:ExtractStackTrace () (at /Users/bokken/buildslave/unity/build/Runtime/Export/Scripting/StackTrace.cs:37)
UnityEngine.DebugLogHandler:LogFormat (UnityEngine.LogType,UnityEngine.Object,string,object[])
UnityEngine.Logger:Log (UnityEngine.LogType,object)
UnityEngine.Debug:LogWarning (object)
Microsoft.MixedReality.Toolkit.Editor.SceneInfoUtils:RefreshSceneInfoFieldsInScriptableObjects () (at Assets/MRTK/Core/Inspectors/PropertyDrawers/SceneInfoUtils.cs:313)
Microsoft.MixedReality.Toolkit.Editor.SceneInfoUtils:InitializeOnLoad () (at Assets/MRTK/Core/Inspectors/PropertyDrawers/SceneInfoUtils.cs:231)
System.Reflection.MonoMethod:Invoke (object,System.Reflection.BindingFlags,System.Reflection.Binder,object[],System.Globalization.CultureInfo)
System.Reflection.MethodBase:Invoke (object,object[])
UnityEditor.EditorAssemblies:ProcessInitializeOnLoadMethodAttributes () (at /Users/bokken/buildslave/unity/build/Editor/Mono/EditorAssemblies.cs:154)

(Filename: Assets/MRTK/Core/Inspectors/PropertyDrawers/SceneInfoUtils.cs Line: 313)

Mono: successfully reloaded assembly
- Completed reload, in  3.949 seconds
Domain Reload Profiling:
	ReloadAssembly (3949ms)
		BeginReloadAssembly (251ms)
			ExecutionOrderSort (0ms)
			DisableScriptedObjects (7ms)
			BackupInstance (0ms)
			ReleaseScriptingObjects (0ms)
			CreateAndSetChildDomain (128ms)
		EndReloadAssembly (3590ms)
			LoadAssemblies (415ms)
			RebuildTransferFunctionScriptingTraits (0ms)
			SetupTypeCache (598ms)
			ReleaseScriptCaches (1ms)
			RebuildScriptCaches (83ms)
			SetupLoadedEditorAssemblies (2278ms)
				LogAssemblyErrors (0ms)
				InitializePlatformSupportModulesInManaged (7ms)
				SetLoadedEditorAssemblies (1ms)
				RefreshPlugins (1ms)
				BeforeProcessingInitializeOnLoad (209ms)
				ProcessInitializeOnLoadAttributes (818ms)
				ProcessInitializeOnLoadMethodAttributes (1239ms)
				AfterProcessingInitializeOnLoad (2ms)
				EditorAssembliesLoaded (0ms)
			ExecutionOrderSort2 (0ms)
			AwakeInstancesAfterBackupRestoration (15ms)
Platform modules already initialized, skipping
Refreshing native plugins compatible for Editor in 1.05 ms, found 2 plugins.
Preloading 0 native plugins for Editor in 0.00 ms.
Unloading 3305 Unused Serialized files (Serialized files now loaded: 0)
System memory in use before: 285.0 MB.
System memory in use after: 283.9 MB.

Unloading 2298 unused Assets to reduce memory usage. Loaded Objects now: 3520.
Total: 11.775123 ms (FindLiveObjects: 0.593522 ms CreateObjectMapping: 0.301897 ms MarkObjects: 6.956177 ms  DeleteObjects: 3.922086 ms)

AssetImportParameters requested are different than current active one (requested -> active):
  custom:video-decoder-ogg-theora: a1e56fd34408186e4bbccfd4996cb3dc -> 
  custom:container-muxer-webm: aa71ff27fc2769a1b78a27578f13a17b -> 
  custom:container-demuxer-webm: 4f35f7cbe854078d1ac9338744f61a02 -> 
  custom:container-demuxer-ogg: 62fdf1f143b41e24485cea50d1cbac27 -> 
  custom:video-encoder-webm-vp8: eb34c28f22e8b96e1ab97ce403110664 -> 
  custom:framework-osx-AVFoundation: e770b220cccbd017edd2c1fefb359320 -> 
  custom:video-decoder-webm-vp8: 9c59270c3fd7afecdb556c50c9e8de78 -> 
  custom:audio-decoder-ogg-vorbis: bf7c407c2cedff20999df2af8eb42d56 -> 
  custom:audio-encoder-webm-vorbis: bf7c407c2cedff20999df2af8eb42d56 -> 
========================================================================
Received Import Request.
  Time since last request: 212.928271 seconds.
  path: Assets/MRTK/Examples/Demos/UX/BoundingBox/Scenes
  artifactKey: Guid(1eecacd25a9410f4ea0dd8dc32aa29b0) Importer(815301076,1909f56bfc062723c751e8b465ee728b)
Start importing Assets/MRTK/Examples/Demos/UX/BoundingBox/Scenes using Guid(1eecacd25a9410f4ea0dd8dc32aa29b0) Importer(815301076,1909f56bfc062723c751e8b465ee728b)  -> (artifact id: '44140266b6d78db280d0bc62e8d0a448') in 0.018928 seconds 
  Import took 0.037230 seconds .

========================================================================
Received Import Request.
  Time since last request: 0.968153 seconds.
  path: Assets/MRTK/Examples/Demos/UX/BoundingBox/Scenes/BoundingBoxRuntimeExample.unity
  artifactKey: Guid(a7d9284da176d9542af67603dab6088c) Importer(815301076,1909f56bfc062723c751e8b465ee728b)
Start importing Assets/MRTK/Examples/Demos/UX/BoundingBox/Scenes/BoundingBoxRuntimeExample.unity using Guid(a7d9284da176d9542af67603dab6088c) Importer(815301076,1909f56bfc062723c751e8b465ee728b)  -> (artifact id: 'be05085b2df751730baf9655f73d8278') in 0.031572 seconds 
  Import took 0.047184 seconds .

========================================================================
Received Import Request.
  Time since last request: 0.745659 seconds.
  path: Assets/MRTK/Examples/Demos/UX/BoundingBox/Scenes/BoundingBoxExamples.unity
  artifactKey: Guid(9da574c0affd04d42a6b1e5db09e82b4) Importer(815301076,1909f56bfc062723c751e8b465ee728b)
Start importing Assets/MRTK/Examples/Demos/UX/BoundingBox/Scenes/BoundingBoxExamples.unity using Guid(9da574c0affd04d42a6b1e5db09e82b4) Importer(815301076,1909f56bfc062723c751e8b465ee728b)  -> (artifact id: 'aa551c501437ce92b1ecf50addc1c34e') in 0.005213 seconds 
  Import took 0.023194 seconds .

========================================================================
Received Prepare
Registering precompiled user dll's ...
Registered in 0.054579 seconds.
Begin MonoManager ReloadAssembly
Native extension for WindowsStandalone target not found
Native extension for OSXStandalone target not found
Refreshing native plugins compatible for Editor in 1.08 ms, found 2 plugins.
Preloading 0 native plugins for Editor in 0.00 ms.
Error when attempting to update scene info fields. Scene info data may be stale.
UnityEngine.StackTraceUtility:ExtractStackTrace () (at /Users/bokken/buildslave/unity/build/Runtime/Export/Scripting/StackTrace.cs:37)
UnityEngine.DebugLogHandler:LogFormat (UnityEngine.LogType,UnityEngine.Object,string,object[])
UnityEngine.Logger:Log (UnityEngine.LogType,object)
UnityEngine.Debug:LogWarning (object)
Microsoft.MixedReality.Toolkit.Editor.SceneInfoUtils:RefreshSceneInfoFieldsInScriptableObjects () (at Assets/MRTK/Core/Inspectors/PropertyDrawers/SceneInfoUtils.cs:313)
Microsoft.MixedReality.Toolkit.Editor.SceneInfoUtils:InitializeOnLoad () (at Assets/MRTK/Core/Inspectors/PropertyDrawers/SceneInfoUtils.cs:231)
System.Reflection.MonoMethod:Invoke (object,System.Reflection.BindingFlags,System.Reflection.Binder,object[],System.Globalization.CultureInfo)
System.Reflection.MethodBase:Invoke (object,object[])
UnityEditor.EditorAssemblies:ProcessInitializeOnLoadMethodAttributes () (at /Users/bokken/buildslave/unity/build/Editor/Mono/EditorAssemblies.cs:154)

(Filename: Assets/MRTK/Core/Inspectors/PropertyDrawers/SceneInfoUtils.cs Line: 313)

Mono: successfully reloaded assembly
- Completed reload, in  7.415 seconds
Domain Reload Profiling:
	ReloadAssembly (7417ms)
		BeginReloadAssembly (497ms)
			ExecutionOrderSort (0ms)
			DisableScriptedObjects (19ms)
			BackupInstance (0ms)
			ReleaseScriptingObjects (0ms)
			CreateAndSetChildDomain (266ms)
		EndReloadAssembly (6755ms)
			LoadAssemblies (571ms)
			RebuildTransferFunctionScriptingTraits (0ms)
			SetupTypeCache (984ms)
			ReleaseScriptCaches (2ms)
			RebuildScriptCaches (128ms)
			SetupLoadedEditorAssemblies (4769ms)
				LogAssemblyErrors (0ms)
				InitializePlatformSupportModulesInManaged (10ms)
				SetLoadedEditorAssemblies (1ms)
				RefreshPlugins (1ms)
				BeforeProcessingInitializeOnLoad (349ms)
				ProcessInitializeOnLoadAttributes (1365ms)
				ProcessInitializeOnLoadMethodAttributes (3037ms)
				AfterProcessingInitializeOnLoad (6ms)
				EditorAssembliesLoaded (1ms)
			ExecutionOrderSort2 (0ms)
			AwakeInstancesAfterBackupRestoration (23ms)
Platform modules already initialized, skipping
Refreshing native plugins compatible for Editor in 2.15 ms, found 2 plugins.
Preloading 0 native plugins for Editor in 0.00 ms.
Unloading 3305 Unused Serialized files (Serialized files now loaded: 0)
System memory in use before: 285.9 MB.
System memory in use after: 284.7 MB.

Unloading 2297 unused Assets to reduce memory usage. Loaded Objects now: 3523.
Total: 10.640477 ms (FindLiveObjects: 0.751898 ms CreateObjectMapping: 0.302063 ms MarkObjects: 6.272480 ms  DeleteObjects: 3.312467 ms)

AssetImportParameters requested are different than current active one (requested -> active):
  custom:video-decoder-ogg-theora: a1e56fd34408186e4bbccfd4996cb3dc -> 
  custom:container-muxer-webm: aa71ff27fc2769a1b78a27578f13a17b -> 
  custom:container-demuxer-webm: 4f35f7cbe854078d1ac9338744f61a02 -> 
  custom:container-demuxer-ogg: 62fdf1f143b41e24485cea50d1cbac27 -> 
  custom:video-encoder-webm-vp8: eb34c28f22e8b96e1ab97ce403110664 -> 
  custom:framework-osx-AVFoundation: e770b220cccbd017edd2c1fefb359320 -> 
  custom:video-decoder-webm-vp8: 9c59270c3fd7afecdb556c50c9e8de78 -> 
  custom:audio-decoder-ogg-vorbis: bf7c407c2cedff20999df2af8eb42d56 -> 
  custom:audio-encoder-webm-vorbis: bf7c407c2cedff20999df2af8eb42d56 -> 
========================================================================
Received Import Request.
  Time since last request: 127.251984 seconds.
  path: Assets/MRTK/Services/InputSystem/MRTK.InputSystem.asmdef
  artifactKey: Guid(7404ed9ad29ad3844ac3a261c8d45b60) Importer(815301076,1909f56bfc062723c751e8b465ee728b)
Start importing Assets/MRTK/Services/InputSystem/MRTK.InputSystem.asmdef using Guid(7404ed9ad29ad3844ac3a261c8d45b60) Importer(815301076,1909f56bfc062723c751e8b465ee728b)  -> (artifact id: '034a410911199fb63e36bf1fbe3cdb0e') in 0.842497 seconds 
  Import took 0.859286 seconds .

========================================================================
Received Import Request.
  Time since last request: 0.007020 seconds.
  path: Assets/MRTK/Services/InputSystem/MRTK.InputSystem.asmdef
  artifactKey: Guid(7404ed9ad29ad3844ac3a261c8d45b60) Importer(815301076,1909f56bfc062723c751e8b465ee728b)
Start importing Assets/MRTK/Services/InputSystem/MRTK.InputSystem.asmdef using Guid(7404ed9ad29ad3844ac3a261c8d45b60) Importer(815301076,1909f56bfc062723c751e8b465ee728b)  -> (artifact id: '034a410911199fb63e36bf1fbe3cdb0e') in 0.004491 seconds 
  Import took 0.016864 seconds .

========================================================================
Received Import Request.
  Time since last request: 136.929786 seconds.
  path: Assets/Scenes
  artifactKey: Guid(868d0863637b841e7b6613a6a636446f) Importer(815301076,1909f56bfc062723c751e8b465ee728b)
Start importing Assets/Scenes using Guid(868d0863637b841e7b6613a6a636446f) Importer(815301076,1909f56bfc062723c751e8b465ee728b)  -> (artifact id: 'd9a4e3e97b86d1f70f09fa8612a9f3a7') in 0.012074 seconds 
  Import took 0.092843 seconds .

========================================================================
Received Prepare
Registering precompiled user dll's ...
Registered in 0.042092 seconds.
Begin MonoManager ReloadAssembly
Native extension for WindowsStandalone target not found
Native extension for OSXStandalone target not found
Refreshing native plugins compatible for Editor in 1.00 ms, found 2 plugins.
Preloading 0 native plugins for Editor in 0.00 ms.
Error when attempting to update scene info fields. Scene info data may be stale.
UnityEngine.StackTraceUtility:ExtractStackTrace () (at /Users/bokken/buildslave/unity/build/Runtime/Export/Scripting/StackTrace.cs:37)
UnityEngine.DebugLogHandler:LogFormat (UnityEngine.LogType,UnityEngine.Object,string,object[])
UnityEngine.Logger:Log (UnityEngine.LogType,object)
UnityEngine.Debug:LogWarning (object)
Microsoft.MixedReality.Toolkit.Editor.SceneInfoUtils:RefreshSceneInfoFieldsInScriptableObjects () (at Assets/MRTK/Core/Inspectors/PropertyDrawers/SceneInfoUtils.cs:313)
Microsoft.MixedReality.Toolkit.Editor.SceneInfoUtils:InitializeOnLoad () (at Assets/MRTK/Core/Inspectors/PropertyDrawers/SceneInfoUtils.cs:231)
System.Reflection.MonoMethod:Invoke (object,System.Reflection.BindingFlags,System.Reflection.Binder,object[],System.Globalization.CultureInfo)
System.Reflection.MethodBase:Invoke (object,object[])
UnityEditor.EditorAssemblies:ProcessInitializeOnLoadMethodAttributes () (at /Users/bokken/buildslave/unity/build/Editor/Mono/EditorAssemblies.cs:154)

(Filename: Assets/MRTK/Core/Inspectors/PropertyDrawers/SceneInfoUtils.cs Line: 313)

Mono: successfully reloaded assembly
- Completed reload, in  6.279 seconds
Domain Reload Profiling:
	ReloadAssembly (6282ms)
		BeginReloadAssembly (432ms)
			ExecutionOrderSort (0ms)
			DisableScriptedObjects (19ms)
			BackupInstance (0ms)
			ReleaseScriptingObjects (0ms)
			CreateAndSetChildDomain (241ms)
		EndReloadAssembly (5719ms)
			LoadAssemblies (480ms)
			RebuildTransferFunctionScriptingTraits (0ms)
			SetupTypeCache (695ms)
			ReleaseScriptCaches (1ms)
			RebuildScriptCaches (98ms)
			SetupLoadedEditorAssemblies (4228ms)
				LogAssemblyErrors (0ms)
				InitializePlatformSupportModulesInManaged (8ms)
				SetLoadedEditorAssemblies (1ms)
				RefreshPlugins (1ms)
				BeforeProcessingInitializeOnLoad (239ms)
				ProcessInitializeOnLoadAttributes (935ms)
				ProcessInitializeOnLoadMethodAttributes (3041ms)
				AfterProcessingInitializeOnLoad (2ms)
				EditorAssembliesLoaded (0ms)
			ExecutionOrderSort2 (0ms)
			AwakeInstancesAfterBackupRestoration (16ms)
Platform modules already initialized, skipping
Refreshing native plugins compatible for Editor in 1.53 ms, found 2 plugins.
Preloading 0 native plugins for Editor in 0.00 ms.
Unloading 3305 Unused Serialized files (Serialized files now loaded: 0)
System memory in use before: 290.8 MB.
System memory in use after: 289.7 MB.

Unloading 2297 unused Assets to reduce memory usage. Loaded Objects now: 3526.
Total: 9.452280 ms (FindLiveObjects: 0.799087 ms CreateObjectMapping: 0.381365 ms MarkObjects: 4.970872 ms  DeleteObjects: 3.299190 ms)

AssetImportParameters requested are different than current active one (requested -> active):
  custom:video-decoder-ogg-theora: a1e56fd34408186e4bbccfd4996cb3dc -> 
  custom:container-muxer-webm: aa71ff27fc2769a1b78a27578f13a17b -> 
  custom:container-demuxer-webm: 4f35f7cbe854078d1ac9338744f61a02 -> 
  custom:container-demuxer-ogg: 62fdf1f143b41e24485cea50d1cbac27 -> 
  custom:video-encoder-webm-vp8: eb34c28f22e8b96e1ab97ce403110664 -> 
  custom:framework-osx-AVFoundation: e770b220cccbd017edd2c1fefb359320 -> 
  custom:video-decoder-webm-vp8: 9c59270c3fd7afecdb556c50c9e8de78 -> 
  custom:audio-decoder-ogg-vorbis: bf7c407c2cedff20999df2af8eb42d56 -> 
  custom:audio-encoder-webm-vorbis: bf7c407c2cedff20999df2af8eb42d56 -> 
========================================================================
Received Prepare
Registering precompiled user dll's ...
Registered in 0.052367 seconds.
Begin MonoManager ReloadAssembly
Native extension for WindowsStandalone target not found
Native extension for OSXStandalone target not found
Refreshing native plugins compatible for Editor in 1.09 ms, found 2 plugins.
Preloading 0 native plugins for Editor in 0.00 ms.
Error when attempting to update scene info fields. Scene info data may be stale.
UnityEngine.StackTraceUtility:ExtractStackTrace () (at /Users/bokken/buildslave/unity/build/Runtime/Export/Scripting/StackTrace.cs:37)
UnityEngine.DebugLogHandler:LogFormat (UnityEngine.LogType,UnityEngine.Object,string,object[])
UnityEngine.Logger:Log (UnityEngine.LogType,object)
UnityEngine.Debug:LogWarning (object)
Microsoft.MixedReality.Toolkit.Editor.SceneInfoUtils:RefreshSceneInfoFieldsInScriptableObjects () (at Assets/MRTK/Core/Inspectors/PropertyDrawers/SceneInfoUtils.cs:313)
Microsoft.MixedReality.Toolkit.Editor.SceneInfoUtils:InitializeOnLoad () (at Assets/MRTK/Core/Inspectors/PropertyDrawers/SceneInfoUtils.cs:231)
System.Reflection.MonoMethod:Invoke (object,System.Reflection.BindingFlags,System.Reflection.Binder,object[],System.Globalization.CultureInfo)
System.Reflection.MethodBase:Invoke (object,object[])
UnityEditor.EditorAssemblies:ProcessInitializeOnLoadMethodAttributes () (at /Users/bokken/buildslave/unity/build/Editor/Mono/EditorAssemblies.cs:154)

(Filename: Assets/MRTK/Core/Inspectors/PropertyDrawers/SceneInfoUtils.cs Line: 313)

Mono: successfully reloaded assembly
- Completed reload, in  8.141 seconds
Domain Reload Profiling:
	ReloadAssembly (8146ms)
		BeginReloadAssembly (552ms)
			ExecutionOrderSort (0ms)
			DisableScriptedObjects (24ms)
			BackupInstance (0ms)
			ReleaseScriptingObjects (0ms)
			CreateAndSetChildDomain (297ms)
		EndReloadAssembly (7398ms)
			LoadAssemblies (563ms)
			RebuildTransferFunctionScriptingTraits (0ms)
			SetupTypeCache (1093ms)
			ReleaseScriptCaches (1ms)
			RebuildScriptCaches (132ms)
			SetupLoadedEditorAssemblies (5289ms)
				LogAssemblyErrors (0ms)
				InitializePlatformSupportModulesInManaged (9ms)
				SetLoadedEditorAssemblies (1ms)
				RefreshPlugins (1ms)
				BeforeProcessingInitializeOnLoad (316ms)
				ProcessInitializeOnLoadAttributes (1419ms)
				ProcessInitializeOnLoadMethodAttributes (3540ms)
				AfterProcessingInitializeOnLoad (2ms)
				EditorAssembliesLoaded (0ms)
			ExecutionOrderSort2 (0ms)
			AwakeInstancesAfterBackupRestoration (35ms)
Platform modules already initialized, skipping
Refreshing native plugins compatible for Editor in 1.09 ms, found 2 plugins.
Preloading 0 native plugins for Editor in 0.00 ms.
Unloading 3305 Unused Serialized files (Serialized files now loaded: 0)
System memory in use before: 291.6 MB.
System memory in use after: 290.6 MB.

Unloading 2297 unused Assets to reduce memory usage. Loaded Objects now: 3529.
Total: 14.442145 ms (FindLiveObjects: 1.722811 ms CreateObjectMapping: 0.683747 ms MarkObjects: 6.759285 ms  DeleteObjects: 5.270985 ms)

AssetImportParameters requested are different than current active one (requested -> active):
  custom:video-decoder-ogg-theora: a1e56fd34408186e4bbccfd4996cb3dc -> 
  custom:container-muxer-webm: aa71ff27fc2769a1b78a27578f13a17b -> 
  custom:container-demuxer-webm: 4f35f7cbe854078d1ac9338744f61a02 -> 
  custom:container-demuxer-ogg: 62fdf1f143b41e24485cea50d1cbac27 -> 
  custom:video-encoder-webm-vp8: eb34c28f22e8b96e1ab97ce403110664 -> 
  custom:framework-osx-AVFoundation: e770b220cccbd017edd2c1fefb359320 -> 
  custom:video-decoder-webm-vp8: 9c59270c3fd7afecdb556c50c9e8de78 -> 
  custom:audio-decoder-ogg-vorbis: bf7c407c2cedff20999df2af8eb42d56 -> 
  custom:audio-encoder-webm-vorbis: bf7c407c2cedff20999df2af8eb42d56 -> 
========================================================================
Received Import Request.
  Time since last request: 889.052746 seconds.
  path: Assets/Scenes/KanuPutman Final Scene.unity
  artifactKey: Guid(9fc0d4010bbf28b4594072e72b8655ab) Importer(815301076,1909f56bfc062723c751e8b465ee728b)
Start importing Assets/Scenes/KanuPutman Final Scene.unity using Guid(9fc0d4010bbf28b4594072e72b8655ab) Importer(815301076,1909f56bfc062723c751e8b465ee728b)  -> (artifact id: 'd1c818bde08726cd9080110f92434f8f') in 0.052126 seconds 
  Import took 0.065667 seconds .

========================================================================
Received Import Request.
  Time since last request: 1031.908800 seconds.
  path: Assets/CPR Guide
  artifactKey: Guid(79e85e1822bcf41f9801781316327b7e) Importer(815301076,1909f56bfc062723c751e8b465ee728b)
Start importing Assets/CPR Guide using Guid(79e85e1822bcf41f9801781316327b7e) Importer(815301076,1909f56bfc062723c751e8b465ee728b)  -> (artifact id: '0031e306065b46bded68f94bdd1e6666') in 0.013968 seconds 
  Import took 0.087084 seconds .

========================================================================
Received Import Request.
  Time since last request: 11.694266 seconds.
  path: Assets/CPR Guide/Frame 1.png
  artifactKey: Guid(89008bccd9a834f80a5b2de210732024) Importer(815301076,1909f56bfc062723c751e8b465ee728b)
Start importing Assets/CPR Guide/Frame 1.png using Guid(89008bccd9a834f80a5b2de210732024) Importer(815301076,1909f56bfc062723c751e8b465ee728b)  -> (artifact id: '03b184bb32eb8263a527732984e20793') in 0.246901 seconds 
  Import took 0.263147 seconds .

========================================================================
Received Import Request.
  Time since last request: 0.000820 seconds.
  path: Assets/CPR Guide/Frame 4.png
  artifactKey: Guid(eac896f78ddc64e07ab2ed71076ba952) Importer(815301076,1909f56bfc062723c751e8b465ee728b)
Start importing Assets/CPR Guide/Frame 4.png using Guid(eac896f78ddc64e07ab2ed71076ba952) Importer(815301076,1909f56bfc062723c751e8b465ee728b)  -> (artifact id: '522e65f5eb1cbad200b576160419aef1') in 0.034001 seconds 
  Import took 0.048174 seconds .

========================================================================
Received Import Request.
  Time since last request: 0.000630 seconds.
  path: Assets/CPR Guide/Frame 5.png
  artifactKey: Guid(66de2a1cd1a6548aab5bf5233bbbc617) Importer(815301076,1909f56bfc062723c751e8b465ee728b)
Start importing Assets/CPR Guide/Frame 5.png using Guid(66de2a1cd1a6548aab5bf5233bbbc617) Importer(815301076,1909f56bfc062723c751e8b465ee728b)  -> (artifact id: '2c9f14e4b0b9779971252cc7bfaa657a') in 0.082719 seconds 
  Import took 0.103884 seconds .

========================================================================
Received Import Request.
  Time since last request: 0.000235 seconds.
  path: Assets/CPR Guide/Frame 2.png
  artifactKey: Guid(003a4f3d8d8814c3f9df7eef527fee7f) Importer(815301076,1909f56bfc062723c751e8b465ee728b)
Start importing Assets/CPR Guide/Frame 2.png using Guid(003a4f3d8d8814c3f9df7eef527fee7f) Importer(815301076,1909f56bfc062723c751e8b465ee728b)  -> (artifact id: '7f80d8b39299b74f9f29212df599a422') in 0.074633 seconds 
  Import took 0.163375 seconds .

========================================================================
Received Import Request.
  Time since last request: 0.000484 seconds.
  path: Assets/CPR Guide/Frame 7.png
  artifactKey: Guid(054681e3a751f44b8a5a0e8305c1b222) Importer(815301076,1909f56bfc062723c751e8b465ee728b)
Start importing Assets/CPR Guide/Frame 7.png using Guid(054681e3a751f44b8a5a0e8305c1b222) Importer(815301076,1909f56bfc062723c751e8b465ee728b)  -> (artifact id: '442f7904e8dd0ba1b4059929fb56eb55') in 0.021709 seconds 
  Import took 0.033508 seconds .

========================================================================
Received Import Request.
  Time since last request: 0.000434 seconds.
  path: Assets/CPR Guide/Frame 8.png
  artifactKey: Guid(8749b8e611d964b99aa87c01c555f87f) Importer(815301076,1909f56bfc062723c751e8b465ee728b)
Start importing Assets/CPR Guide/Frame 8.png using Guid(8749b8e611d964b99aa87c01c555f87f) Importer(815301076,1909f56bfc062723c751e8b465ee728b)  -> (artifact id: '79f2e4a3cc487d14d71cbce8f7faceec') in 0.058912 seconds 
  Import took 0.072257 seconds .

========================================================================
Received Import Request.
  Time since last request: 0.000475 seconds.
  path: Assets/CPR Guide/Frame 3.png
  artifactKey: Guid(e26445606e0ae49d6b07db41773738a1) Importer(815301076,1909f56bfc062723c751e8b465ee728b)
Start importing Assets/CPR Guide/Frame 3.png using Guid(e26445606e0ae49d6b07db41773738a1) Importer(815301076,1909f56bfc062723c751e8b465ee728b)  -> (artifact id: '1ce1353e549bdca128ff1b446a5f0666') in 0.030063 seconds 
  Import took 0.080823 seconds .

========================================================================
Received Import Request.
  Time since last request: 0.004815 seconds.
  path: Assets/CPR Guide/Frame 6.png
  artifactKey: Guid(ffee2cd384c0747329e26ef320205d63) Importer(815301076,1909f56bfc062723c751e8b465ee728b)
Start importing Assets/CPR Guide/Frame 6.png using Guid(ffee2cd384c0747329e26ef320205d63) Importer(815301076,1909f56bfc062723c751e8b465ee728b)  -> (artifact id: '8e8d79584b7070f7a943d228b31efba9') in 0.048780 seconds 
  Import took 0.082954 seconds .

========================================================================
Received Import Request.
  Time since last request: 14.090781 seconds.
  path: Assets/CPR Guide/Frame 1.png
  artifactKey: Guid(89008bccd9a834f80a5b2de210732024) Importer(815301076,1909f56bfc062723c751e8b465ee728b)
Start importing Assets/CPR Guide/Frame 1.png using Guid(89008bccd9a834f80a5b2de210732024) Importer(815301076,1909f56bfc062723c751e8b465ee728b)  -> (artifact id: 'cf85235875b50827b67ea550b55f2197') in 0.122690 seconds 
  Import took 0.134402 seconds .

========================================================================
Received Import Request.
  Time since last request: 9.690645 seconds.
  path: Assets/CPR Guide/Frame 2.png
  artifactKey: Guid(003a4f3d8d8814c3f9df7eef527fee7f) Importer(815301076,1909f56bfc062723c751e8b465ee728b)
Start importing Assets/CPR Guide/Frame 2.png using Guid(003a4f3d8d8814c3f9df7eef527fee7f) Importer(815301076,1909f56bfc062723c751e8b465ee728b)  -> (artifact id: '813e61ca6ac8579c80c5d540bd903138') in 0.037017 seconds 
  Import took 0.050202 seconds .

========================================================================
Received Import Request.
  Time since last request: 0.003420 seconds.
  path: Assets/CPR Guide/Frame 2.png
  artifactKey: Guid(003a4f3d8d8814c3f9df7eef527fee7f) Importer(815301076,1909f56bfc062723c751e8b465ee728b)
Start importing Assets/CPR Guide/Frame 2.png using Guid(003a4f3d8d8814c3f9df7eef527fee7f) Importer(815301076,1909f56bfc062723c751e8b465ee728b)  -> (artifact id: '813e61ca6ac8579c80c5d540bd903138') in 0.031107 seconds 
  Import took 0.046259 seconds .

========================================================================
Received Import Request.
  Time since last request: 5.965489 seconds.
  path: Assets/CPR Guide/Frame 3.png
  artifactKey: Guid(e26445606e0ae49d6b07db41773738a1) Importer(815301076,1909f56bfc062723c751e8b465ee728b)
Start importing Assets/CPR Guide/Frame 3.png using Guid(e26445606e0ae49d6b07db41773738a1) Importer(815301076,1909f56bfc062723c751e8b465ee728b)  -> (artifact id: '66fc2c6349cd8c94bd3ca5ba0a0d83ff') in 0.042235 seconds 
  Import took 0.059102 seconds .

========================================================================
Received Import Request.
  Time since last request: 4.704053 seconds.
  path: Assets/CPR Guide/Frame 4.png
  artifactKey: Guid(eac896f78ddc64e07ab2ed71076ba952) Importer(815301076,1909f56bfc062723c751e8b465ee728b)
Start importing Assets/CPR Guide/Frame 4.png using Guid(eac896f78ddc64e07ab2ed71076ba952) Importer(815301076,1909f56bfc062723c751e8b465ee728b)  -> (artifact id: '385a5f4f38e9513ce4f5b3ddd19a2ca1') in 0.047818 seconds 
  Import took 0.059208 seconds .

========================================================================
Received Import Request.
  Time since last request: 5.105933 seconds.
  path: Assets/CPR Guide/Frame 5.png
  artifactKey: Guid(66de2a1cd1a6548aab5bf5233bbbc617) Importer(815301076,1909f56bfc062723c751e8b465ee728b)
Start importing Assets/CPR Guide/Frame 5.png using Guid(66de2a1cd1a6548aab5bf5233bbbc617) Importer(815301076,1909f56bfc062723c751e8b465ee728b)  -> (artifact id: 'b4d39a3d8064122aa34c1dc4b3fc5659') in 0.037781 seconds 
  Import took 0.048072 seconds .

========================================================================
Received Import Request.
  Time since last request: 0.002986 seconds.
  path: Assets/CPR Guide/Frame 5.png
  artifactKey: Guid(66de2a1cd1a6548aab5bf5233bbbc617) Importer(815301076,1909f56bfc062723c751e8b465ee728b)
Start importing Assets/CPR Guide/Frame 5.png using Guid(66de2a1cd1a6548aab5bf5233bbbc617) Importer(815301076,1909f56bfc062723c751e8b465ee728b)  -> (artifact id: 'b4d39a3d8064122aa34c1dc4b3fc5659') in 0.032381 seconds 
  Import took 0.047494 seconds .

========================================================================
Received Import Request.
  Time since last request: 8.221758 seconds.
  path: Assets/CPR Guide/Frame 6.png
  artifactKey: Guid(ffee2cd384c0747329e26ef320205d63) Importer(815301076,1909f56bfc062723c751e8b465ee728b)
Start importing Assets/CPR Guide/Frame 6.png using Guid(ffee2cd384c0747329e26ef320205d63) Importer(815301076,1909f56bfc062723c751e8b465ee728b)  -> (artifact id: 'bebec67a341ee4d0b5cb73bdf7a42767') in 0.043250 seconds 
  Import took 0.060922 seconds .

========================================================================
Received Import Request.
  Time since last request: 7.756575 seconds.
  path: Assets/CPR Guide/Frame 7.png
  artifactKey: Guid(054681e3a751f44b8a5a0e8305c1b222) Importer(815301076,1909f56bfc062723c751e8b465ee728b)
Start importing Assets/CPR Guide/Frame 7.png using Guid(054681e3a751f44b8a5a0e8305c1b222) Importer(815301076,1909f56bfc062723c751e8b465ee728b)  -> (artifact id: '7fdb77a2337ecf1e6372655d82e2d84c') in 0.043367 seconds 
  Import took 0.054854 seconds .

========================================================================
Received Import Request.
  Time since last request: 0.082309 seconds.
  path: Assets/CPR Guide/Frame 7.png
  artifactKey: Guid(054681e3a751f44b8a5a0e8305c1b222) Importer(815301076,1909f56bfc062723c751e8b465ee728b)
Start importing Assets/CPR Guide/Frame 7.png using Guid(054681e3a751f44b8a5a0e8305c1b222) Importer(815301076,1909f56bfc062723c751e8b465ee728b)  -> (artifact id: '7fdb77a2337ecf1e6372655d82e2d84c') in 0.036412 seconds 
  Import took 0.046073 seconds .

========================================================================
Received Import Request.
  Time since last request: 5.207272 seconds.
  path: Assets/CPR Guide/Frame 8.png
  artifactKey: Guid(8749b8e611d964b99aa87c01c555f87f) Importer(815301076,1909f56bfc062723c751e8b465ee728b)
Start importing Assets/CPR Guide/Frame 8.png using Guid(8749b8e611d964b99aa87c01c555f87f) Importer(815301076,1909f56bfc062723c751e8b465ee728b)  -> (artifact id: 'f4ce62665081eac2f9ca9c4a64daa90e') in 0.036213 seconds 
  Import took 0.049263 seconds .

========================================================================
Received Import Request.
  Time since last request: 0.003394 seconds.
  path: Assets/CPR Guide/Frame 8.png
  artifactKey: Guid(8749b8e611d964b99aa87c01c555f87f) Importer(815301076,1909f56bfc062723c751e8b465ee728b)
Start importing Assets/CPR Guide/Frame 8.png using Guid(8749b8e611d964b99aa87c01c555f87f) Importer(815301076,1909f56bfc062723c751e8b465ee728b)  -> (artifact id: 'f4ce62665081eac2f9ca9c4a64daa90e') in 0.031281 seconds 
  Import took 0.049927 seconds .

========================================================================
Received Prepare
Registering precompiled user dll's ...
Registered in 0.047412 seconds.
Begin MonoManager ReloadAssembly
Native extension for WindowsStandalone target not found
Native extension for OSXStandalone target not found
Refreshing native plugins compatible for Editor in 1.33 ms, found 2 plugins.
Preloading 0 native plugins for Editor in 0.00 ms.
Error when attempting to update scene info fields. Scene info data may be stale.
UnityEngine.StackTraceUtility:ExtractStackTrace () (at /Users/bokken/buildslave/unity/build/Runtime/Export/Scripting/StackTrace.cs:37)
UnityEngine.DebugLogHandler:LogFormat (UnityEngine.LogType,UnityEngine.Object,string,object[])
UnityEngine.Logger:Log (UnityEngine.LogType,object)
UnityEngine.Debug:LogWarning (object)
Microsoft.MixedReality.Toolkit.Editor.SceneInfoUtils:RefreshSceneInfoFieldsInScriptableObjects () (at Assets/MRTK/Core/Inspectors/PropertyDrawers/SceneInfoUtils.cs:313)
Microsoft.MixedReality.Toolkit.Editor.SceneInfoUtils:InitializeOnLoad () (at Assets/MRTK/Core/Inspectors/PropertyDrawers/SceneInfoUtils.cs:231)
System.Reflection.MonoMethod:Invoke (object,System.Reflection.BindingFlags,System.Reflection.Binder,object[],System.Globalization.CultureInfo)
System.Reflection.MethodBase:Invoke (object,object[])
UnityEditor.EditorAssemblies:ProcessInitializeOnLoadMethodAttributes () (at /Users/bokken/buildslave/unity/build/Editor/Mono/EditorAssemblies.cs:154)

(Filename: Assets/MRTK/Core/Inspectors/PropertyDrawers/SceneInfoUtils.cs Line: 313)

Mono: successfully reloaded assembly
- Completed reload, in  6.628 seconds
Domain Reload Profiling:
	ReloadAssembly (6631ms)
		BeginReloadAssembly (395ms)
			ExecutionOrderSort (0ms)
			DisableScriptedObjects (16ms)
			BackupInstance (0ms)
			ReleaseScriptingObjects (0ms)
			CreateAndSetChildDomain (231ms)
		EndReloadAssembly (6088ms)
			LoadAssemblies (448ms)
			RebuildTransferFunctionScriptingTraits (0ms)
			SetupTypeCache (659ms)
			ReleaseScriptCaches (2ms)
			RebuildScriptCaches (90ms)
			SetupLoadedEditorAssemblies (4659ms)
				LogAssemblyErrors (0ms)
				InitializePlatformSupportModulesInManaged (8ms)
				SetLoadedEditorAssemblies (1ms)
				RefreshPlugins (1ms)
				BeforeProcessingInitializeOnLoad (236ms)
				ProcessInitializeOnLoadAttributes (930ms)
				ProcessInitializeOnLoadMethodAttributes (3479ms)
				AfterProcessingInitializeOnLoad (3ms)
				EditorAssembliesLoaded (0ms)
			ExecutionOrderSort2 (0ms)
			AwakeInstancesAfterBackupRestoration (16ms)
Platform modules already initialized, skipping
Refreshing native plugins compatible for Editor in 1.90 ms, found 2 plugins.
Preloading 0 native plugins for Editor in 0.00 ms.
Unloading 3305 Unused Serialized files (Serialized files now loaded: 0)
System memory in use before: 292.9 MB.
System memory in use after: 291.7 MB.

Unloading 2297 unused Assets to reduce memory usage. Loaded Objects now: 3536.
Total: 13.082083 ms (FindLiveObjects: 0.910925 ms CreateObjectMapping: 0.761122 ms MarkObjects: 7.067296 ms  DeleteObjects: 4.340740 ms)

AssetImportParameters requested are different than current active one (requested -> active):
  custom:video-decoder-ogg-theora: a1e56fd34408186e4bbccfd4996cb3dc -> 
  custom:container-muxer-webm: aa71ff27fc2769a1b78a27578f13a17b -> 
  custom:container-demuxer-webm: 4f35f7cbe854078d1ac9338744f61a02 -> 
  custom:container-demuxer-ogg: 62fdf1f143b41e24485cea50d1cbac27 -> 
  custom:video-encoder-webm-vp8: eb34c28f22e8b96e1ab97ce403110664 -> 
  custom:framework-osx-AVFoundation: e770b220cccbd017edd2c1fefb359320 -> 
  custom:video-decoder-webm-vp8: 9c59270c3fd7afecdb556c50c9e8de78 -> 
  custom:audio-decoder-ogg-vorbis: bf7c407c2cedff20999df2af8eb42d56 -> 
  custom:audio-encoder-webm-vorbis: bf7c407c2cedff20999df2af8eb42d56 -> 
========================================================================
Received Prepare
Registering precompiled user dll's ...
Registered in 0.038116 seconds.
Begin MonoManager ReloadAssembly
Native extension for WindowsStandalone target not found
Native extension for OSXStandalone target not found
Refreshing native plugins compatible for Editor in 1.22 ms, found 2 plugins.
Preloading 0 native plugins for Editor in 0.00 ms.
Error when attempting to update scene info fields. Scene info data may be stale.
UnityEngine.StackTraceUtility:ExtractStackTrace () (at /Users/bokken/buildslave/unity/build/Runtime/Export/Scripting/StackTrace.cs:37)
UnityEngine.DebugLogHandler:LogFormat (UnityEngine.LogType,UnityEngine.Object,string,object[])
UnityEngine.Logger:Log (UnityEngine.LogType,object)
UnityEngine.Debug:LogWarning (object)
Microsoft.MixedReality.Toolkit.Editor.SceneInfoUtils:RefreshSceneInfoFieldsInScriptableObjects () (at Assets/MRTK/Core/Inspectors/PropertyDrawers/SceneInfoUtils.cs:313)
Microsoft.MixedReality.Toolkit.Editor.SceneInfoUtils:InitializeOnLoad () (at Assets/MRTK/Core/Inspectors/PropertyDrawers/SceneInfoUtils.cs:231)
System.Reflection.MonoMethod:Invoke (object,System.Reflection.BindingFlags,System.Reflection.Binder,object[],System.Globalization.CultureInfo)
System.Reflection.MethodBase:Invoke (object,object[])
UnityEditor.EditorAssemblies:ProcessInitializeOnLoadMethodAttributes () (at /Users/bokken/buildslave/unity/build/Editor/Mono/EditorAssemblies.cs:154)

(Filename: Assets/MRTK/Core/Inspectors/PropertyDrawers/SceneInfoUtils.cs Line: 313)

Mono: successfully reloaded assembly
- Completed reload, in  6.538 seconds
Domain Reload Profiling:
	ReloadAssembly (6538ms)
		BeginReloadAssembly (246ms)
			ExecutionOrderSort (0ms)
			DisableScriptedObjects (8ms)
			BackupInstance (0ms)
			ReleaseScriptingObjects (0ms)
			CreateAndSetChildDomain (125ms)
		EndReloadAssembly (6186ms)
			LoadAssemblies (203ms)
			RebuildTransferFunctionScriptingTraits (0ms)
			SetupTypeCache (718ms)
			ReleaseScriptCaches (1ms)
			RebuildScriptCaches (87ms)
			SetupLoadedEditorAssemblies (4884ms)
				LogAssemblyErrors (0ms)
				InitializePlatformSupportModulesInManaged (7ms)
				SetLoadedEditorAssemblies (1ms)
				RefreshPlugins (1ms)
				BeforeProcessingInitializeOnLoad (294ms)
				ProcessInitializeOnLoadAttributes (1211ms)
				ProcessInitializeOnLoadMethodAttributes (3365ms)
				AfterProcessingInitializeOnLoad (4ms)
				EditorAssembliesLoaded (0ms)
			ExecutionOrderSort2 (0ms)
			AwakeInstancesAfterBackupRestoration (32ms)
Platform modules already initialized, skipping
Refreshing native plugins compatible for Editor in 1.26 ms, found 2 plugins.
Preloading 0 native plugins for Editor in 0.00 ms.
Unloading 3305 Unused Serialized files (Serialized files now loaded: 0)
System memory in use before: 293.6 MB.
System memory in use after: 293.0 MB.

Unloading 2297 unused Assets to reduce memory usage. Loaded Objects now: 3539.
Total: 12.937537 ms (FindLiveObjects: 1.519254 ms CreateObjectMapping: 0.992148 ms MarkObjects: 5.538795 ms  DeleteObjects: 4.884307 ms)

AssetImportParameters requested are different than current active one (requested -> active):
  custom:video-decoder-ogg-theora: a1e56fd34408186e4bbccfd4996cb3dc -> 
  custom:container-muxer-webm: aa71ff27fc2769a1b78a27578f13a17b -> 
  custom:container-demuxer-webm: 4f35f7cbe854078d1ac9338744f61a02 -> 
  custom:container-demuxer-ogg: 62fdf1f143b41e24485cea50d1cbac27 -> 
  custom:video-encoder-webm-vp8: eb34c28f22e8b96e1ab97ce403110664 -> 
  custom:framework-osx-AVFoundation: e770b220cccbd017edd2c1fefb359320 -> 
  custom:video-decoder-webm-vp8: 9c59270c3fd7afecdb556c50c9e8de78 -> 
  custom:audio-decoder-ogg-vorbis: bf7c407c2cedff20999df2af8eb42d56 -> 
  custom:audio-encoder-webm-vorbis: bf7c407c2cedff20999df2af8eb42d56 -> 
========================================================================
Received Import Request.
  Time since last request: 717.785200 seconds.
  path: Assets/StartButton.cs
  artifactKey: Guid(d6eb06c8637a94f10bf8885aa833541a) Importer(815301076,1909f56bfc062723c751e8b465ee728b)
Start importing Assets/StartButton.cs using Guid(d6eb06c8637a94f10bf8885aa833541a) Importer(815301076,1909f56bfc062723c751e8b465ee728b)  -> (artifact id: 'f96ef86192f80ad187131534d5f9ccbe') in 1.383549 seconds 
  Import took 1.395417 seconds .

========================================================================
Received Prepare
Registering precompiled user dll's ...
Registered in 0.060402 seconds.
Begin MonoManager ReloadAssembly
Native extension for WindowsStandalone target not found
Native extension for OSXStandalone target not found
Refreshing native plugins compatible for Editor in 1.39 ms, found 2 plugins.
Preloading 0 native plugins for Editor in 0.00 ms.
Error when attempting to update scene info fields. Scene info data may be stale.
UnityEngine.StackTraceUtility:ExtractStackTrace () (at /Users/bokken/buildslave/unity/build/Runtime/Export/Scripting/StackTrace.cs:37)
UnityEngine.DebugLogHandler:LogFormat (UnityEngine.LogType,UnityEngine.Object,string,object[])
UnityEngine.Logger:Log (UnityEngine.LogType,object)
UnityEngine.Debug:LogWarning (object)
Microsoft.MixedReality.Toolkit.Editor.SceneInfoUtils:RefreshSceneInfoFieldsInScriptableObjects () (at Assets/MRTK/Core/Inspectors/PropertyDrawers/SceneInfoUtils.cs:313)
Microsoft.MixedReality.Toolkit.Editor.SceneInfoUtils:InitializeOnLoad () (at Assets/MRTK/Core/Inspectors/PropertyDrawers/SceneInfoUtils.cs:231)
System.Reflection.MonoMethod:Invoke (object,System.Reflection.BindingFlags,System.Reflection.Binder,object[],System.Globalization.CultureInfo)
System.Reflection.MethodBase:Invoke (object,object[])
UnityEditor.EditorAssemblies:ProcessInitializeOnLoadMethodAttributes () (at /Users/bokken/buildslave/unity/build/Editor/Mono/EditorAssemblies.cs:154)

(Filename: Assets/MRTK/Core/Inspectors/PropertyDrawers/SceneInfoUtils.cs Line: 313)

Mono: successfully reloaded assembly
- Completed reload, in  8.956 seconds
Domain Reload Profiling:
	ReloadAssembly (8958ms)
		BeginReloadAssembly (363ms)
			ExecutionOrderSort (0ms)
			DisableScriptedObjects (15ms)
			BackupInstance (0ms)
			ReleaseScriptingObjects (0ms)
			CreateAndSetChildDomain (197ms)
		EndReloadAssembly (8433ms)
			LoadAssemblies (418ms)
			RebuildTransferFunctionScriptingTraits (0ms)
			SetupTypeCache (714ms)
			ReleaseScriptCaches (2ms)
			RebuildScriptCaches (120ms)
			SetupLoadedEditorAssemblies (6707ms)
				LogAssemblyErrors (0ms)
				InitializePlatformSupportModulesInManaged (10ms)
				SetLoadedEditorAssemblies (1ms)
				RefreshPlugins (1ms)
				BeforeProcessingInitializeOnLoad (547ms)
				ProcessInitializeOnLoadAttributes (1216ms)
				ProcessInitializeOnLoadMethodAttributes (4919ms)
				AfterProcessingInitializeOnLoad (7ms)
				EditorAssembliesLoaded (5ms)
			ExecutionOrderSort2 (0ms)
			AwakeInstancesAfterBackupRestoration (71ms)
Platform modules already initialized, skipping
Refreshing native plugins compatible for Editor in 1.10 ms, found 2 plugins.
Preloading 0 native plugins for Editor in 0.00 ms.
Unloading 3306 Unused Serialized files (Serialized files now loaded: 0)
System memory in use before: 298.5 MB.
System memory in use after: 297.5 MB.

Unloading 2297 unused Assets to reduce memory usage. Loaded Objects now: 3543.
Total: 43.784075 ms (FindLiveObjects: 10.735400 ms CreateObjectMapping: 1.225141 ms MarkObjects: 15.708191 ms  DeleteObjects: 16.112626 ms)

AssetImportParameters requested are different than current active one (requested -> active):
  custom:video-decoder-ogg-theora: a1e56fd34408186e4bbccfd4996cb3dc -> 
  custom:container-muxer-webm: aa71ff27fc2769a1b78a27578f13a17b -> 
  custom:container-demuxer-webm: 4f35f7cbe854078d1ac9338744f61a02 -> 
  custom:container-demuxer-ogg: 62fdf1f143b41e24485cea50d1cbac27 -> 
  custom:video-encoder-webm-vp8: eb34c28f22e8b96e1ab97ce403110664 -> 
  custom:framework-osx-AVFoundation: e770b220cccbd017edd2c1fefb359320 -> 
  custom:video-decoder-webm-vp8: 9c59270c3fd7afecdb556c50c9e8de78 -> 
  custom:audio-decoder-ogg-vorbis: bf7c407c2cedff20999df2af8eb42d56 -> 
  custom:audio-encoder-webm-vorbis: bf7c407c2cedff20999df2af8eb42d56 -> 
========================================================================
Received Prepare
Registering precompiled user dll's ...
Registered in 0.039040 seconds.
Begin MonoManager ReloadAssembly
Native extension for WindowsStandalone target not found
Native extension for OSXStandalone target not found
Refreshing native plugins compatible for Editor in 1.48 ms, found 2 plugins.
Preloading 0 native plugins for Editor in 0.00 ms.
Error when attempting to update scene info fields. Scene info data may be stale.
UnityEngine.StackTraceUtility:ExtractStackTrace () (at /Users/bokken/buildslave/unity/build/Runtime/Export/Scripting/StackTrace.cs:37)
UnityEngine.DebugLogHandler:LogFormat (UnityEngine.LogType,UnityEngine.Object,string,object[])
UnityEngine.Logger:Log (UnityEngine.LogType,object)
UnityEngine.Debug:LogWarning (object)
Microsoft.MixedReality.Toolkit.Editor.SceneInfoUtils:RefreshSceneInfoFieldsInScriptableObjects () (at Assets/MRTK/Core/Inspectors/PropertyDrawers/SceneInfoUtils.cs:313)
Microsoft.MixedReality.Toolkit.Editor.SceneInfoUtils:InitializeOnLoad () (at Assets/MRTK/Core/Inspectors/PropertyDrawers/SceneInfoUtils.cs:231)
System.Reflection.MonoMethod:Invoke (object,System.Reflection.BindingFlags,System.Reflection.Binder,object[],System.Globalization.CultureInfo)
System.Reflection.MethodBase:Invoke (object,object[])
UnityEditor.EditorAssemblies:ProcessInitializeOnLoadMethodAttributes () (at /Users/bokken/buildslave/unity/build/Editor/Mono/EditorAssemblies.cs:154)

(Filename: Assets/MRTK/Core/Inspectors/PropertyDrawers/SceneInfoUtils.cs Line: 313)

Mono: successfully reloaded assembly
- Completed reload, in 11.157 seconds
Domain Reload Profiling:
	ReloadAssembly (11160ms)
		BeginReloadAssembly (498ms)
			ExecutionOrderSort (0ms)
			DisableScriptedObjects (15ms)
			BackupInstance (0ms)
			ReleaseScriptingObjects (0ms)
			CreateAndSetChildDomain (285ms)
		EndReloadAssembly (10508ms)
			LoadAssemblies (424ms)
			RebuildTransferFunctionScriptingTraits (0ms)
			SetupTypeCache (768ms)
			ReleaseScriptCaches (1ms)
			RebuildScriptCaches (110ms)
			SetupLoadedEditorAssemblies (8862ms)
				LogAssemblyErrors (0ms)
				InitializePlatformSupportModulesInManaged (8ms)
				SetLoadedEditorAssemblies (1ms)
				RefreshPlugins (2ms)
				BeforeProcessingInitializeOnLoad (224ms)
				ProcessInitializeOnLoadAttributes (983ms)
				ProcessInitializeOnLoadMethodAttributes (7640ms)
				AfterProcessingInitializeOnLoad (3ms)
				EditorAssembliesLoaded (1ms)
			ExecutionOrderSort2 (0ms)
			AwakeInstancesAfterBackupRestoration (25ms)
Platform modules already initialized, skipping
Refreshing native plugins compatible for Editor in 1.17 ms, found 2 plugins.
Preloading 0 native plugins for Editor in 0.00 ms.
Unloading 3338 Unused Serialized files (Serialized files now loaded: 0)
System memory in use before: 301.1 MB.
System memory in use after: 299.9 MB.

Unloading 2297 unused Assets to reduce memory usage. Loaded Objects now: 3578.
Total: 9.342726 ms (FindLiveObjects: 0.787087 ms CreateObjectMapping: 0.469833 ms MarkObjects: 4.530608 ms  DeleteObjects: 3.553299 ms)

AssetImportParameters requested are different than current active one (requested -> active):
  custom:video-decoder-ogg-theora: a1e56fd34408186e4bbccfd4996cb3dc -> 
  custom:container-muxer-webm: aa71ff27fc2769a1b78a27578f13a17b -> 
  custom:container-demuxer-webm: 4f35f7cbe854078d1ac9338744f61a02 -> 
  custom:container-demuxer-ogg: 62fdf1f143b41e24485cea50d1cbac27 -> 
  custom:video-encoder-webm-vp8: eb34c28f22e8b96e1ab97ce403110664 -> 
  custom:framework-osx-AVFoundation: e770b220cccbd017edd2c1fefb359320 -> 
  custom:video-decoder-webm-vp8: 9c59270c3fd7afecdb556c50c9e8de78 -> 
  custom:audio-decoder-ogg-vorbis: bf7c407c2cedff20999df2af8eb42d56 -> 
  custom:audio-encoder-webm-vorbis: bf7c407c2cedff20999df2af8eb42d56 -> 
AssetImportWorkerClient::OnTransportError - code=2 error=End of file
